0 info it worked if it ends with ok
1 verbose cli [ '/usr/local/Cellar/node/7.2.1/bin/node',
1 verbose cli   '/usr/local/bin/npm',
1 verbose cli   'run',
1 verbose cli   'start' ]
2 info using npm@3.10.9
3 info using node@v7.2.1
4 verbose run-script [ 'prestart', 'start', 'poststart' ]
5 info lifecycle chat@1.0.0~prestart: chat@1.0.0
6 silly lifecycle chat@1.0.0~prestart: no script for prestart, continuing
7 info lifecycle chat@1.0.0~start: chat@1.0.0
8 verbose lifecycle chat@1.0.0~start: unsafe-perm in lifecycle true
9 verbose lifecycle chat@1.0.0~start: PATH: /usr/local/lib/node_modules/npm/bin/node-gyp-bin:/Users/zhaojm/.projects/chat.webapp/node_modules/.bin:/usr/local/Cellar/node/7.2.1/bin:/usr/local/Cellar/ant/1.9.7/bin:/Users/zhaojm/ides/cocos2d-x-3.13.1/templates:/Users/zhaojm/ides:/Users/zhaojm/ides/cocos2d-x-3.13.1/tools/cocos2d-console/bin:/usr/local/var/rbenv/shims:/Users/zhaojm/ides/android-ndk-r10d:/Users/zhaojm/ides/android-sdk-macosx/tools:/Users/zhaojm/ides/android-sdk-macosx/platform-tools:/Users/zhaojm/ides/android-sdk-macosx:/Library/Java/JavaVirtualMachines/jdk1.8.0_25.jdk/Contents/Home:/usr/local/bin:/usr/local/sbin:/usr/local/bin:/usr/bin:/bin:/usr/sbin:/sbin:/opt/X11/bin:/opt/local/bin:/usr/local/mysql/bin:/usr/local/opt/go/libexec/bin:/Users/zhaojm/ides/apache-maven-3.3.9/bin:/Users/zhaojm/ides/phantomjs-2.1.1-macosx/bin:/Users/zhaojm/ides/chromedriver:/Users/zhaojm/ides/lcx:/opt/metasploit-framework/bin:/opt/metasploit-framework/bin
10 verbose lifecycle chat@1.0.0~start: CWD: /Users/zhaojm/.projects/chat.webapp
11 silly lifecycle chat@1.0.0~start: Args: [ '-c',
11 silly lifecycle   'npm i && webpack && node ./node_modules/http-server/bin/http-server . -p 8080 -o' ]
12 silly lifecycle chat@1.0.0~start: Returned: code: 1  signal: null
13 info lifecycle chat@1.0.0~start: Failed to exec start script
14 verbose stack Error: chat@1.0.0 start: `npm i && webpack && node ./node_modules/http-server/bin/http-server . -p 8080 -o`
14 verbose stack Exit status 1
14 verbose stack     at EventEmitter.<anonymous> (/usr/local/lib/node_modules/npm/lib/utils/lifecycle.js:255:16)
14 verbose stack     at emitTwo (events.js:106:13)
14 verbose stack     at EventEmitter.emit (events.js:191:7)
14 verbose stack     at ChildProcess.<anonymous> (/usr/local/lib/node_modules/npm/lib/utils/spawn.js:40:14)
14 verbose stack     at emitTwo (events.js:106:13)
14 verbose stack     at ChildProcess.emit (events.js:191:7)
14 verbose stack     at maybeClose (internal/child_process.js:885:16)
14 verbose stack     at Process.ChildProcess._handle.onexit (internal/child_process.js:226:5)
15 verbose pkgid chat@1.0.0
16 verbose cwd /Users/zhaojm/.projects/chat.webapp
17 error Darwin 16.1.0
18 error argv "/usr/local/Cellar/node/7.2.1/bin/node" "/usr/local/bin/npm" "run" "start"
19 error node v7.2.1
20 error npm  v3.10.9
21 error code ELIFECYCLE
22 error chat@1.0.0 start: `npm i && webpack && node ./node_modules/http-server/bin/http-server . -p 8080 -o`
22 error Exit status 1
23 error Failed at the chat@1.0.0 start script 'npm i && webpack && node ./node_modules/http-server/bin/http-server . -p 8080 -o'.
23 error Make sure you have the latest version of node.js and npm installed.
23 error If you do, this is most likely a problem with the chat package,
23 error not with npm itself.
23 error Tell the author that this fails on your system:
23 error     npm i && webpack && node ./node_modules/http-server/bin/http-server . -p 8080 -o
23 error You can get information on how to open an issue for this project with:
23 error     npm bugs chat
23 error Or if that isn't available, you can get their info via:
23 error     npm owner ls chat
23 error There is likely additional logging output above.
24 verbose exit [ 1, true ]
